<?xml version="1.0" encoding="UTF-8"?>
<!-- Generated by org.testng.reporters.JUnitReportReporter -->
<testsuite hostname="HP-Pavilion-15" failures="1" tests="3" name="com.runner.TestRunnerTestNG" time="111.117" errors="0" timestamp="2025-09-09T08:17:47 IST" skipped="0">
  <testcase classname="com.runner.TestRunnerTestNG" name="runScenario" time="88.202"/>
  <testcase classname="com.runner.TestRunnerTestNG" name="runScenario" time="19.744">
    <failure message="Failed to select budget from dropdown expected [true] but found [false]" type="java.lang.AssertionError">
      <![CDATA[java.lang.AssertionError: Failed to select budget from dropdown expected [true] but found [false]
at org.testng.Assert.fail(Assert.java:111)
at org.testng.Assert.failNotEquals(Assert.java:1590)
at org.testng.Assert.assertTrue(Assert.java:57)
at com.stepDefinition.searchHome.the_user_selects_a_budget_range_from_the_dropdown(searchHome.java:41)
at âœ½.the user selects a budget range from the dropdown(file:///C:/Users/gopik/OneDrive/Desktop/Testing_cg/MagicBricks_Testing/src/test/resources/Features/searchHome.feature:7)
]]>
    </failure>
  </testcase> <!-- runScenario -->
  <testcase classname="com.runner.TestRunnerTestNG" name="runScenario" time="3.171"/>
</testsuite> <!-- com.runner.TestRunnerTestNG -->
